2023-05-03 10:08:52,514 INFO Main: Начало скачек. Количество участников: 7
2023-05-03 10:09:12,860 INFO Main: Окончание скачек. Победитель: Пегас
2023-05-03 10:10:05,849 DEBUG Horse: Создание Horse, имя [Буцефал], скорость [2.4]
2023-05-03 10:10:05,850 DEBUG Horse: Создание Horse, имя [Туз Пик], скорость [2.5]
2023-05-03 10:10:05,850 DEBUG Horse: Создание Horse, имя [Зефир], скорость [2.6]
2023-05-03 10:10:05,850 DEBUG Horse: Создание Horse, имя [Пожар], скорость [2.7]
2023-05-03 10:10:05,862 DEBUG Horse: Создание Horse, имя [Лобстер], скорость [2.8]
2023-05-03 10:10:05,862 DEBUG Horse: Создание Horse, имя [Пегас], скорость [2.9]
2023-05-03 10:10:05,862 DEBUG Horse: Создание Horse, имя [Вишня], скорость [3.0]
2023-05-03 10:10:05,862 DEBUG Hippodrome: Создание Hippodrome, лошадей [7]
2023-05-03 10:10:05,862 INFO Main: Начало скачек. Количество участников: 7
2023-05-03 10:10:26,184 INFO Main: Окончание скачек. Победитель: Вишня
2023-05-03 10:11:38,377 DEBUG Horse: Создание Horse, имя [Буцефал], скорость [2.4]
2023-05-03 10:11:38,378 DEBUG Horse: Создание Horse, имя [Туз Пик], скорость [2.5]
2023-05-03 10:11:38,379 DEBUG Horse: Создание Horse, имя [Зефир], скорость [2.6]
2023-05-03 10:11:38,379 DEBUG Horse: Создание Horse, имя [Пожар], скорость [2.7]
2023-05-03 10:11:38,379 DEBUG Horse: Создание Horse, имя [Лобстер], скорость [2.8]
2023-05-03 10:11:38,379 DEBUG Horse: Создание Horse, имя [Пегас], скорость [2.9]
2023-05-03 10:11:38,379 DEBUG Horse: Создание Horse, имя [Вишня], скорость [3.0]
2023-05-03 10:11:38,379 DEBUG Hippodrome: Создание Hippodrome, лошадей [7]
2023-05-03 10:11:38,379 INFO Main: Начало скачек. Количество участников: 7
2023-05-03 10:11:58,724 INFO Main: Окончание скачек. Победитель: Вишня
